0 info it worked if it ends with ok
1 verbose cli [ 'node', '/usr/local/bin/npm', 'install' ]
2 info using npm@1.4.28
3 info using node@v0.10.33
4 verbose readDependencies using package.json deps
5 verbose install where, deps [ '/Users/jdianes/Documents/workspace/pride-cluster/web-app',
5 verbose install   [ 'd3',
5 verbose install     'nvd3',
5 verbose install     'angularjs-nvd3-directives',
5 verbose install     'karma',
5 verbose install     'karma-chrome-launcher',
5 verbose install     'karma-firefox-launcher',
5 verbose install     'karma-jasmine',
5 verbose install     'karma-junit-reporter',
5 verbose install     'protractor',
5 verbose install     'http-server',
5 verbose install     'tmp',
5 verbose install     'bower',
5 verbose install     'shelljs' ] ]
6 info preinstall pride-cluster-webapp@0.1.0-SNAPSHOT
7 warn package.json karma-chrome-launcher@0.1.5 No README data
8 verbose readDependencies using package.json deps
9 verbose already installed skipping d3@^3.4.13 /Users/jdianes/Documents/workspace/pride-cluster/web-app
10 verbose cache add [ 'nvd3@1.1.15-beta', null ]
11 verbose cache add name=undefined spec="nvd3@1.1.15-beta" args=["nvd3@1.1.15-beta",null]
12 verbose parsed url { protocol: null,
12 verbose parsed url   slashes: null,
12 verbose parsed url   auth: null,
12 verbose parsed url   host: null,
12 verbose parsed url   port: null,
12 verbose parsed url   hostname: null,
12 verbose parsed url   hash: null,
12 verbose parsed url   search: null,
12 verbose parsed url   query: null,
12 verbose parsed url   pathname: 'nvd3@1.1.15-beta',
12 verbose parsed url   path: 'nvd3@1.1.15-beta',
12 verbose parsed url   href: 'nvd3@1.1.15-beta' }
13 verbose cache add [ 'angularjs-nvd3-directives@0.0.7', null ]
14 verbose cache add name=undefined spec="angularjs-nvd3-directives@0.0.7" args=["angularjs-nvd3-directives@0.0.7",null]
15 verbose parsed url { protocol: null,
15 verbose parsed url   slashes: null,
15 verbose parsed url   auth: null,
15 verbose parsed url   host: null,
15 verbose parsed url   port: null,
15 verbose parsed url   hostname: null,
15 verbose parsed url   hash: null,
15 verbose parsed url   search: null,
15 verbose parsed url   query: null,
15 verbose parsed url   pathname: 'angularjs-nvd3-directives@0.0.7',
15 verbose parsed url   path: 'angularjs-nvd3-directives@0.0.7',
15 verbose parsed url   href: 'angularjs-nvd3-directives@0.0.7' }
16 verbose already installed skipping karma@^0.12.16 /Users/jdianes/Documents/workspace/pride-cluster/web-app
17 verbose already installed skipping karma-chrome-launcher@^0.1.4 /Users/jdianes/Documents/workspace/pride-cluster/web-app
18 verbose already installed skipping karma-firefox-launcher@^0.1.3 /Users/jdianes/Documents/workspace/pride-cluster/web-app
19 verbose cache add name="nvd3" spec="1.1.15-beta" args=["nvd3","1.1.15-beta"]
20 verbose parsed url { protocol: null,
20 verbose parsed url   slashes: null,
20 verbose parsed url   auth: null,
20 verbose parsed url   host: null,
20 verbose parsed url   port: null,
20 verbose parsed url   hostname: null,
20 verbose parsed url   hash: null,
20 verbose parsed url   search: null,
20 verbose parsed url   query: null,
20 verbose parsed url   pathname: '1.1.15-beta',
20 verbose parsed url   path: '1.1.15-beta',
20 verbose parsed url   href: '1.1.15-beta' }
21 verbose addNamed [ 'nvd3', '1.1.15-beta' ]
22 verbose addNamed [ '1.1.15-beta', '1.1.15-beta' ]
23 verbose cache add name="angularjs-nvd3-directives" spec="0.0.7" args=["angularjs-nvd3-directives","0.0.7"]
24 verbose parsed url { protocol: null,
24 verbose parsed url   slashes: null,
24 verbose parsed url   auth: null,
24 verbose parsed url   host: null,
24 verbose parsed url   port: null,
24 verbose parsed url   hostname: null,
24 verbose parsed url   hash: null,
24 verbose parsed url   search: null,
24 verbose parsed url   query: null,
24 verbose parsed url   pathname: '0.0.7',
24 verbose parsed url   path: '0.0.7',
24 verbose parsed url   href: '0.0.7' }
25 verbose addNamed [ 'angularjs-nvd3-directives', '0.0.7' ]
26 verbose addNamed [ '0.0.7', '0.0.7' ]
27 verbose already installed skipping karma-jasmine@^0.1.5 /Users/jdianes/Documents/workspace/pride-cluster/web-app
28 silly lockFile ebb1bab6-nvd3-1-1-15-beta nvd3@1.1.15-beta
29 verbose lock nvd3@1.1.15-beta /Users/jdianes/.npm/ebb1bab6-nvd3-1-1-15-beta.lock
30 silly lockFile 818d836f-angularjs-nvd3-directives-0-0-7 angularjs-nvd3-directives@0.0.7
31 verbose lock angularjs-nvd3-directives@0.0.7 /Users/jdianes/.npm/818d836f-angularjs-nvd3-directives-0-0-7.lock
32 verbose already installed skipping karma-junit-reporter@^0.2.2 /Users/jdianes/Documents/workspace/pride-cluster/web-app
33 verbose already installed skipping protractor@~1.0.0 /Users/jdianes/Documents/workspace/pride-cluster/web-app
34 verbose already installed skipping http-server@^0.6.1 /Users/jdianes/Documents/workspace/pride-cluster/web-app
35 verbose already installed skipping tmp@0.0.23 /Users/jdianes/Documents/workspace/pride-cluster/web-app
36 verbose already installed skipping bower@^1.3.1 /Users/jdianes/Documents/workspace/pride-cluster/web-app
37 verbose already installed skipping shelljs@^0.2.6 /Users/jdianes/Documents/workspace/pride-cluster/web-app
38 verbose request where is /nvd3
39 verbose request registry https://registry.npmjs.org/
40 verbose request id b88bf4eef3d171c3
41 verbose url raw /nvd3
42 verbose url resolving [ 'https://registry.npmjs.org/', './nvd3' ]
43 verbose url resolved https://registry.npmjs.org/nvd3
44 verbose request where is https://registry.npmjs.org/nvd3
45 info trying registry request attempt 1 at 14:23:26
46 http GET https://registry.npmjs.org/nvd3
47 verbose request where is /angularjs-nvd3-directives
48 verbose request registry https://registry.npmjs.org/
49 verbose url raw /angularjs-nvd3-directives
50 verbose url resolving [ 'https://registry.npmjs.org/', './angularjs-nvd3-directives' ]
51 verbose url resolved https://registry.npmjs.org/angularjs-nvd3-directives
52 verbose request where is https://registry.npmjs.org/angularjs-nvd3-directives
53 info trying registry request attempt 1 at 14:23:26
54 http GET https://registry.npmjs.org/angularjs-nvd3-directives
55 http 200 https://registry.npmjs.org/nvd3
56 silly registry.get cb [ 200,
56 silly registry.get   { date: 'Tue, 18 Nov 2014 14:23:34 GMT',
56 silly registry.get     server: 'CouchDB/1.5.0 (Erlang OTP/R16B03)',
56 silly registry.get     etag: '"YZSKB5OT5JEUMQG12ORTPZBX"',
56 silly registry.get     'content-type': 'application/json',
56 silly registry.get     'cache-control': 'max-age=60',
56 silly registry.get     'content-length': '12919',
56 silly registry.get     'accept-ranges': 'bytes',
56 silly registry.get     via: '1.1 varnish',
56 silly registry.get     age: '0',
56 silly registry.get     'x-served-by': 'cache-lcy1127-LCY',
56 silly registry.get     'x-cache': 'HIT',
56 silly registry.get     'x-cache-hits': '1',
56 silly registry.get     'x-timer': 'S1416320614.486978,VS0,VE151',
56 silly registry.get     vary: 'Accept',
56 silly registry.get     'keep-alive': 'timeout=10, max=50',
56 silly registry.get     connection: 'Keep-Alive' } ]
57 silly lockFile ebb1bab6-nvd3-1-1-15-beta nvd3@1.1.15-beta
58 silly lockFile ebb1bab6-nvd3-1-1-15-beta nvd3@1.1.15-beta
59 http 404 https://registry.npmjs.org/angularjs-nvd3-directives
60 verbose headers { date: 'Tue, 18 Nov 2014 14:23:34 GMT',
60 verbose headers   server: 'CouchDB/1.5.0 (Erlang OTP/R16B03)',
60 verbose headers   'content-type': 'application/json',
60 verbose headers   'cache-control': 'max-age=0',
60 verbose headers   'content-length': '52',
60 verbose headers   'accept-ranges': 'bytes',
60 verbose headers   via: '1.1 varnish',
60 verbose headers   age: '0',
60 verbose headers   'x-served-by': 'cache-lcy1125-LCY',
60 verbose headers   'x-cache': 'MISS',
60 verbose headers   'x-cache-hits': '0',
60 verbose headers   'x-timer': 'S1416320614.485036,VS0,VE359',
60 verbose headers   'keep-alive': 'timeout=10, max=50',
60 verbose headers   connection: 'Keep-Alive' }
61 silly registry.get cb [ 404,
61 silly registry.get   { date: 'Tue, 18 Nov 2014 14:23:34 GMT',
61 silly registry.get     server: 'CouchDB/1.5.0 (Erlang OTP/R16B03)',
61 silly registry.get     'content-type': 'application/json',
61 silly registry.get     'cache-control': 'max-age=0',
61 silly registry.get     'content-length': '52',
61 silly registry.get     'accept-ranges': 'bytes',
61 silly registry.get     via: '1.1 varnish',
61 silly registry.get     age: '0',
61 silly registry.get     'x-served-by': 'cache-lcy1125-LCY',
61 silly registry.get     'x-cache': 'MISS',
61 silly registry.get     'x-cache-hits': '0',
61 silly registry.get     'x-timer': 'S1416320614.485036,VS0,VE359',
61 silly registry.get     'keep-alive': 'timeout=10, max=50',
61 silly registry.get     connection: 'Keep-Alive' } ]
62 silly lockFile 818d836f-angularjs-nvd3-directives-0-0-7 angularjs-nvd3-directives@0.0.7
63 silly lockFile 818d836f-angularjs-nvd3-directives-0-0-7 angularjs-nvd3-directives@0.0.7
64 error Error: version not found: nvd3@1.1.15-beta
64 error     at /usr/local/lib/node_modules/npm/lib/cache/add-named.js:125:12
64 error     at saved (/usr/local/lib/node_modules/npm/node_modules/npm-registry-client/lib/get.js:167:7)
64 error     at Object.oncomplete (fs.js:107:15)
65 error If you need help, you may report this *entire* log,
65 error including the npm and node versions, at:
65 error     <http://github.com/npm/npm/issues>
66 error System Darwin 13.4.0
67 error command "node" "/usr/local/bin/npm" "install"
68 error cwd /Users/jdianes/Documents/workspace/pride-cluster/web-app
69 error node -v v0.10.33
70 error npm -v 1.4.28
71 verbose exit [ 1, true ]
